-------------------------------------------------------------------------------
Test set: com.example.management.controller.CustomerControllerTest
-------------------------------------------------------------------------------
Tests run: 9, Failures: 0, Errors: 2, Skipped: 0, Time elapsed: 2.178 s <<< FAILURE! - in com.example.management.controller.CustomerControllerTest
updateCustomerWithAuthority  Time elapsed: 0.067 s  <<< ERROR!
org.springframework.jdbc.BadSqlGrammarException: 

### Error updating database.  Cause: com.mysql.jdbc.exceptions.jdbc4.MySQLSyntaxErrorException: You have an error in your SQL syntax; check the manual that corresponds to your MySQL server version for the right syntax to use near 'WHERE customerId=null' at line 1
### The error may involve com.example.management.mapper.CustomerMapper.updateById-Inline
### The error occurred while setting parameters
### SQL: UPDATE customer    WHERE customerId=?
### Cause: com.mysql.jdbc.exceptions.jdbc4.MySQLSyntaxErrorException: You have an error in your SQL syntax; check the manual that corresponds to your MySQL server version for the right syntax to use near 'WHERE customerId=null' at line 1
; bad SQL grammar []; nested exception is com.mysql.jdbc.exceptions.jdbc4.MySQLSyntaxErrorException: You have an error in your SQL syntax; check the manual that corresponds to your MySQL server version for the right syntax to use near 'WHERE customerId=null' at line 1
	at com.example.management.controller.CustomerControllerTest.updateCustomerWithAuthority(CustomerControllerTest.java:124)
Caused by: com.mysql.jdbc.exceptions.jdbc4.MySQLSyntaxErrorException: You have an error in your SQL syntax; check the manual that corresponds to your MySQL server version for the right syntax to use near 'WHERE customerId=null' at line 1
	at com.example.management.controller.CustomerControllerTest.updateCustomerWithAuthority(CustomerControllerTest.java:124)

addCustomerWithAuthority  Time elapsed: 0.029 s  <<< ERROR!
org.springframework.dao.DataIntegrityViolationException: 

### Error updating database.  Cause: java.sql.SQLException: Field 'nickname' doesn't have a default value
### The error may involve com.example.management.mapper.CustomerMapper.insert-Inline
### The error occurred while setting parameters
### SQL: INSERT INTO customer  ( customerName, customerEmail,     customerJointime )  VALUES  ( ?, ?,     ? )
### Cause: java.sql.SQLException: Field 'nickname' doesn't have a default value
; Field 'nickname' doesn't have a default value; nested exception is java.sql.SQLException: Field 'nickname' doesn't have a default value
	at com.example.management.controller.CustomerControllerTest.addCustomerWithAuthority(CustomerControllerTest.java:83)
Caused by: java.sql.SQLException: Field 'nickname' doesn't have a default value
	at com.example.management.controller.CustomerControllerTest.addCustomerWithAuthority(CustomerControllerTest.java:83)

